CRITICAL - 2024-10-11 17:36:06 --> ErrorException: fwrite(): Write of 76 bytes failed with errno=22 Invalid argument
[Method: CLI, Route: serve]
in SYSTEMPATH\CLI\InputOutput.php on line 78.
 1 [internal function]: CodeIgniter\Debug\Exceptions->errorHandler(8, 'fwrite(): Write of 76 bytes failed with errno=22 Invalid argument', 'C:\\xampp\\htdocs\\news-website-new\\system\\CLI\\InputOutput.php', 78)
 2 SYSTEMPATH\CLI\InputOutput.php(78): fwrite(resource (stream), '[0;32mCodeIgniter development server started on http://localhost:8081[0m
')
 3 SYSTEMPATH\CLI\CLI.php(1127): CodeIgniter\CLI\InputOutput->fwrite(resource (stream), '[0;32mCodeIgniter development server started on http://localhost:8081[0m
')
 4 SYSTEMPATH\CLI\CLI.php(470): CodeIgniter\CLI\CLI::fwrite(resource (stream), '[0;32mCodeIgniter development server started on http://localhost:8081[0m
')
 5 SYSTEMPATH\Commands\Server\Serve.php(99): CodeIgniter\CLI\CLI::write('[0;32mCodeIgniter development server started on http://localhost:8081[0m', 'green')
 6 SYSTEMPATH\Commands\Server\Serve.php(116): CodeIgniter\Commands\Server\Serve->run([])
 7 SYSTEMPATH\CLI\Commands.php(70): CodeIgniter\Commands\Server\Serve->run([])
 8 SYSTEMPATH\CLI\Console.php(48): CodeIgniter\CLI\Commands->run('serve', [])
 9 SYSTEMPATH\Boot.php(351): CodeIgniter\CLI\Console->run()
10 SYSTEMPATH\Boot.php(104): CodeIgniter\Boot::runCommand(Object(CodeIgniter\CLI\Console))
11 ROOTPATH\spark(84): CodeIgniter\Boot::bootSpark(Object(Config\Paths))
CRITICAL - 2024-10-11 17:36:06 --> ErrorException: Uncaught ErrorException: fwrite(): Write of 34 bytes failed with errno=22 Invalid argument in C:\xampp\htdocs\news-website-new\system\CLI\InputOutput.php:78
Stack trace:
#0 [internal function]: CodeIgniter\Debug\Exceptions->errorHandler(8, 'fwrite(): Write...', 'C:\\xampp\\htdocs...', 78)
#1 C:\xampp\htdocs\news-website-new\system\CLI\InputOutput.php(78): fwrite(Resource id #2, '\e[0;37m\e[41m[Er...')
#2 C:\xampp\htdocs\news-website-new\system\CLI\CLI.php(1127): CodeIgniter\CLI\InputOutput->fwrite(Resource id #2, '\e[0;37m\e[41m[Er...')
#3 C:\xampp\htdocs\news-website-new\system\CLI\CLI.php(470): CodeIgniter\CLI\CLI::fwrite(Resource id #2, '\e[0;37m\e[41m[Er...')
#4 C:\xampp\htdocs\news-website-new\app\Views\errors\cli\error_exception.php(6): CodeIgniter\CLI\CLI::write('\e[0;37m\e[41m[Er...', 'light_gray', 'red')
#5 C:\xampp\htdocs\news-website-new\app\Views\errors\cli\production.php(5): include('C:\\xampp\\htdocs...')
#6 C:\xampp\htdocs\news-website-new\system\Debug\BaseExceptionHandler.php(266): include('C:\\xampp\\htdocs...')
#7 C:\xampp\htdocs\news-website-new\system\Debug\BaseExceptionHandler.php(269): CodeIgniter\Debug\BaseExceptionHandler->CodeIgniter\Debug\{closure}()
#8 C:\xampp\htdocs\news-website-new\system\Debug\ExceptionHandler.php(114): CodeIgniter\Debug\BaseExceptionHandler->render(Object(ErrorException), 500, 'C:\\xampp\\htdocs...')
#9 C:\xampp\htdocs\news-website-new\system\Debug\Exceptions.php(163): CodeIgniter\Debug\ExceptionHandler->handle(Object(ErrorException), Object(CodeIgniter\HTTP\CLIRequest), Object(CodeIgniter\HTTP\Response), 500, 1)
#10 [internal function]: CodeIgniter\Debug\Exceptions->exceptionHandler(Object(ErrorException))
#11 {main}
  thrown
ã€Previous Exceptionã€‘
ErrorException
fwrite(): Write of 76 bytes failed with errno=22 Invalid argument
#0 [internal function]: CodeIgniter\Debug\Exceptions->errorHandler(8, 'fwrite(): Write...', 'C:\\xampp\\htdocs...', 78)
#1 C:\xampp\htdocs\news-website-new\system\CLI\InputOutput.php(78): fwrite(Resource id #2, '\e[0;32mCodeIgni...')
#2 C:\xampp\htdocs\news-website-new\system\CLI\CLI.php(1127): CodeIgniter\CLI\InputOutput->fwrite(Resource id #2, '\e[0;32mCodeIgni...')
#3 C:\xampp\htdocs\news-website-new\system\CLI\CLI.php(470): CodeIgniter\CLI\CLI::fwrite(Resource id #2, '\e[0;32mCodeIgni...')
#4 C:\xampp\htdocs\news-website-new\system\Commands\Server\Serve.php(99): CodeIgniter\CLI\CLI::write('\e[0;32mCodeIgni...', 'green')
#5 C:\xampp\htdocs\news-website-new\system\Commands\Server\Serve.php(116): CodeIgniter\Commands\Server\Serve->run(Array)
#6 C:\xampp\htdocs\news-website-new\system\CLI\Commands.php(70): CodeIgniter\Commands\Server\Serve->run(Array)
#7 C:\xampp\htdocs\news-website-new\system\CLI\Console.php(48): CodeIgniter\CLI\Commands->run('serve', Array)
#8 C:\xampp\htdocs\news-website-new\system\Boot.php(351): CodeIgniter\CLI\Console->run()
#9 C:\xampp\htdocs\news-website-new\system\Boot.php(104): CodeIgniter\Boot::runCommand(Object(CodeIgniter\CLI\Console))
#10 C:\xampp\htdocs\news-website-new\spark(84): CodeIgniter\Boot::bootSpark(Object(Config\Paths))
#11 {main}
[Method: CLI, Route: serve]
in SYSTEMPATH\CLI\InputOutput.php on line 78.
 1 [internal function]: CodeIgniter\Debug\Exceptions->shutdownHandler()
